<?xml version="1.0" encoding="UTF-8"?>
<!-- Generated by org.testng.reporters.JUnitReportReporter -->
<testsuite hostname="venky" failures="0" tests="2" name="LoginTest" time="1.464" errors="0" timestamp="2024-03-23T17:19:37 IST" skipped="0">
  <testcase classname="LoginTest" name="loginTest" time="0.787"/>
  <system-out/>
  <testcase classname="LoginTest" name="loginTest" time="0.677"/>
  <system-out/>
</testsuite> <!-- LoginTest -->
