<?xml version="1.0" encoding="UTF-8"?>
<!-- Generated by org.testng.reporters.JUnitReportReporter -->
<testsuite hostname="venky" failures="0" tests="2" name="T1" time="18.000" errors="0" timestamp="2024-03-23T16:39:07 IST" skipped="0">
  <testcase classname="T1" name="verifyTitle" time="8.817"/>
  <system-out/>
  <testcase classname="T1" name="verifyLogo" time="9.183"/>
  <system-out/>
</testsuite> <!-- T1 -->
