<?xml version="1.0" encoding="UTF-8"?>
<!-- Generated by org.testng.reporters.JUnitReportReporter -->
<testsuite hostname="venky" failures="0" tests="1" name="T2" time="3.745" errors="0" timestamp="2024-03-15T16:35:52 IST" skipped="0">
  <testcase classname="T2" name="verifyPage" time="3.745"/>
  <system-out/>
</testsuite> <!-- T2 -->
