<?xml version="1.0" encoding="UTF-8"?>
<!-- Generated by org.testng.reporters.JUnitReportReporter -->
<testsuite hostname="venky" failures="0" tests="4" name="T6" time="2.612" errors="0" timestamp="2024-04-21T10:46:43 IST" skipped="1">
  <testcase classname="T6" name="logoPresence" time="0.133"/>
  <system-out/>
  <testcase classname="T6" name="loginTest" time="1.718"/>
  <system-out/>
  <testcase classname="T6" name="registrationTest" time="0.008">
    <skipped/>
  </testcase> <!-- registrationTest -->
  <system-out/>
  <testcase classname="T6" name="myaccountTest" time="0.753"/>
  <system-out/>
</testsuite> <!-- T6 -->
