<?xml version="1.0" encoding="UTF-8"?>
<!-- Generated by org.testng.reporters.JUnitReportReporter -->
<testsuite hostname="venky" failures="0" tests="1" name="T3" time="11.431" errors="0" timestamp="2024-03-22T17:50:24 IST" skipped="0">
  <testcase classname="T3" name="verifyPage" time="11.431"/>
  <system-out/>
</testsuite> <!-- T3 -->
