<?xml version="1.0" encoding="UTF-8"?>
<!-- Generated by org.testng.reporters.JUnitReportReporter -->
<testsuite hostname="venky" failures="0" tests="4" name="T6" time="3.973" errors="0" timestamp="2024-04-19T20:53:56 IST" skipped="1">
  <testcase classname="T6" name="logoPresence" time="0.451"/>
  <system-out/>
  <testcase classname="T6" name="loginTest" time="2.831"/>
  <system-out/>
  <testcase classname="T6" name="registrationTest" time="0.004">
    <skipped/>
  </testcase> <!-- registrationTest -->
  <system-out/>
  <testcase classname="T6" name="myaccountTest" time="0.687"/>
  <system-out/>
</testsuite> <!-- T6 -->
